[debug] [2020-06-14T14:58:33.718Z] ----------------------------------------------------------------------
[debug] [2020-06-14T14:58:33.722Z] Command:       /usr/bin/node /usr/bin/firebase deploy --only hosting:nextcomics-app
[debug] [2020-06-14T14:58:33.722Z] CLI Version:   8.4.2
[debug] [2020-06-14T14:58:33.723Z] Platform:      linux
[debug] [2020-06-14T14:58:33.723Z] Node Version:  v10.21.0
[debug] [2020-06-14T14:58:33.723Z] Time:          Sun Jun 14 2020 11:58:33 GMT-0300 (Brasilia Standard Time)
[debug] [2020-06-14T14:58:33.723Z] ----------------------------------------------------------------------
[debug] [2020-06-14T14:58:33.723Z] 
[debug] [2020-06-14T14:58:33.736Z] > command requires scopes: ["email","openid","https://www.googleapis.com/auth/cloudplatformprojects.readonly","https://www.googleapis.com/auth/firebase","https://www.googleapis.com/auth/cloud-platform"]
[debug] [2020-06-14T14:58:33.737Z] > authorizing via signed-in user
[debug] [2020-06-14T14:58:33.738Z] [iam] checking project nextcomics-app for permissions ["firebase.projects.get","firebasehosting.sites.update"]
[debug] [2020-06-14T14:58:33.742Z] >>> HTTP REQUEST POST https://cloudresourcemanager.googleapis.com/v1/projects/nextcomics-app:testIamPermissions  
 {"permissions":["firebase.projects.get","firebasehosting.sites.update"]}
[debug] [2020-06-14T14:58:35.151Z] <<< HTTP RESPONSE 200 {"content-type":"application/json; charset=UTF-8","vary":"X-Origin, Referer, Origin,Accept-Encoding","date":"Sun, 14 Jun 2020 14:58:30 GMT","server":"ESF","cache-control":"private","x-xss-protection":"0","x-frame-options":"SAMEORIGIN","x-content-type-options":"nosniff","server-timing":"gfet4t7; dur=801","alt-svc":"h3-27=\":443\"; ma=2592000,h3-25=\":443\"; ma=2592000,h3-T050=\":443\"; ma=2592000,h3-Q050=\":443\"; ma=2592000,h3-Q049=\":443\"; ma=2592000,h3-Q048=\":443\"; ma=2592000,h3-Q046=\":443\"; ma=2592000,h3-Q043=\":443\"; ma=2592000,quic=\":443\"; ma=2592000; v=\"46,43\"","accept-ranges":"none","transfer-encoding":"chunked"}
[debug] [2020-06-14T14:58:35.153Z] [iam] error while checking permissions, command may fail: FirebaseError: Authorization failed. This account is missing the following required permissions on project nextcomics-app:

  firebase.projects.get
  firebasehosting.sites.update
[debug] [2020-06-14T14:58:35.154Z] >>> HTTP REQUEST GET https://firebase.googleapis.com/v1beta1/projects/nextcomics-app  
 
[debug] [2020-06-14T14:58:36.698Z] <<< HTTP RESPONSE 403 {"vary":"X-Origin, Referer, Origin,Accept-Encoding","content-type":"application/json; charset=UTF-8","date":"Sun, 14 Jun 2020 14:58:31 GMT","server":"ESF","cache-control":"private","x-xss-protection":"0","x-frame-options":"SAMEORIGIN","x-content-type-options":"nosniff","alt-svc":"h3-27=\":443\"; ma=2592000,h3-25=\":443\"; ma=2592000,h3-T050=\":443\"; ma=2592000,h3-Q050=\":443\"; ma=2592000,h3-Q049=\":443\"; ma=2592000,h3-Q048=\":443\"; ma=2592000,h3-Q046=\":443\"; ma=2592000,h3-Q043=\":443\"; ma=2592000,quic=\":443\"; ma=2592000; v=\"46,43\"","accept-ranges":"none","transfer-encoding":"chunked"}
[debug] [2020-06-14T14:58:36.699Z] <<< HTTP RESPONSE BODY {"error":{"code":403,"message":"The caller does not have permission","status":"PERMISSION_DENIED"}}
[debug] [2020-06-14T14:58:36.705Z] HTTP Error: 403, The caller does not have permission
[debug] [2020-06-14T14:58:42.189Z] FirebaseError: HTTP Error: 403, The caller does not have permission
    at module.exports (/usr/lib/node_modules/firebase-tools/lib/responseToError.js:38:12)
    at Request._callback (/usr/lib/node_modules/firebase-tools/lib/api.js:41:35)
    at Request.self.callback (/usr/lib/node_modules/firebase-tools/node_modules/request/request.js:185:22)
    at Request.emit (events.js:198:13)
    at Request.EventEmitter.emit (domain.js:448:20)
    at Request.<anonymous> (/usr/lib/node_modules/firebase-tools/node_modules/request/request.js:1154:10)
    at Request.emit (events.js:198:13)
    at Request.EventEmitter.emit (domain.js:448:20)
    at IncomingMessage.<anonymous> (/usr/lib/node_modules/firebase-tools/node_modules/request/request.js:1076:12)
    at Object.onceWrapper (events.js:286:20)
    at IncomingMessage.emit (events.js:203:15)
    at IncomingMessage.EventEmitter.emit (domain.js:448:20)
    at endReadableNT (_stream_readable.js:1145:12)
    at process._tickCallback (internal/process/next_tick.js:63:19)
[error] 
[error] Error: Failed to get Firebase project nextcomics-app. Please make sure the project exists and your account has permission to access it.
